[2024-07-20T17:38:02.330+0000] {manager.py:470} INFO - Processing files using up to 2 processes at a time 
[2024-07-20T17:38:02.368+0000] {manager.py:471} INFO - Process each file at most once every 30 seconds
[2024-07-20T17:38:02.381+0000] {manager.py:472} INFO - Checking for new files in /opt/airflow/dags every 300 seconds
[2024-07-20T17:38:02.437+0000] {manager.py:737} INFO - Searching for files in /opt/airflow/dags
[2024-07-20T17:38:04.571+0000] {manager.py:740} INFO - There are 1 files in /opt/airflow/dags
[2024-07-20T17:38:11.875+0000] {manager.py:878} INFO - 
================================================================================
DAG File Processing Stats

File Path                   PID  Runtime      # DAGs    # Errors  Last Runtime    Last Run
------------------------  -----  ---------  --------  ----------  --------------  ----------
/opt/airflow/dags/ETL.py     95  4.29s             0           0
================================================================================
[2024-07-20T17:38:41.718+0000] {manager.py:1016} ERROR - Processor for /opt/airflow/dags/ETL.py exited with return code 1.
[2024-07-20T17:38:42.518+0000] {manager.py:878} INFO - 
================================================================================
DAG File Processing Stats

File Path                 PID    Runtime      # DAGs    # Errors  Last Runtime    Last Run
------------------------  -----  ---------  --------  ----------  --------------  -------------------
/opt/airflow/dags/ETL.py                           0          -1  34.82s          2024-07-20T17:38:41
================================================================================
[2024-07-20T17:39:16.747+0000] {manager.py:878} INFO - 
================================================================================
DAG File Processing Stats

File Path                   PID  Runtime      # DAGs    # Errors  Last Runtime    Last Run
------------------------  -----  ---------  --------  ----------  --------------  -------------------
/opt/airflow/dags/ETL.py    109  0.26s             0          -1  34.82s          2024-07-20T17:38:41
================================================================================
[2024-07-20T17:39:49.268+0000] {manager.py:878} INFO - 
================================================================================
DAG File Processing Stats

File Path                   PID  Runtime      # DAGs    # Errors  Last Runtime    Last Run
------------------------  -----  ---------  --------  ----------  --------------  -------------------
/opt/airflow/dags/ETL.py    109  36.53s            0          -1  34.82s          2024-07-20T17:38:41
================================================================================
[2024-07-20T17:39:50.136+0000] {manager.py:1016} ERROR - Processor for /opt/airflow/dags/ETL.py exited with return code 1.
[2024-07-20T17:40:19.850+0000] {manager.py:878} INFO - 
================================================================================
DAG File Processing Stats

File Path                 PID    Runtime      # DAGs    # Errors  Last Runtime    Last Run
------------------------  -----  ---------  --------  ----------  --------------  -------------------
/opt/airflow/dags/ETL.py                           0          -1  37.52s          2024-07-20T17:39:50
================================================================================
[2024-07-20T17:40:50.506+0000] {manager.py:878} INFO - 
================================================================================
DAG File Processing Stats

File Path                   PID  Runtime      # DAGs    # Errors  Last Runtime    Last Run
------------------------  -----  ---------  --------  ----------  --------------  -------------------
/opt/airflow/dags/ETL.py    123  29.78s            0          -1  37.52s          2024-07-20T17:39:50
================================================================================
[2024-07-20T17:41:11.462+0000] {manager.py:1203} ERROR - Processor for /opt/airflow/dags/ETL.py with PID 123 started at 2024-07-20T17:40:20.592262+00:00 has timed out, killing it.
[2024-07-20T17:41:21.469+0000] {manager.py:878} INFO - 
================================================================================
DAG File Processing Stats

File Path                 PID    Runtime      # DAGs    # Errors  Last Runtime    Last Run
------------------------  -----  ---------  --------  ----------  --------------  -------------------
/opt/airflow/dags/ETL.py                           0           1  50.86s          2024-07-20T17:41:11
================================================================================
[2024-07-20T17:41:51.872+0000] {manager.py:878} INFO - 
================================================================================
DAG File Processing Stats

File Path                   PID  Runtime      # DAGs    # Errors  Last Runtime    Last Run
------------------------  -----  ---------  --------  ----------  --------------  -------------------
/opt/airflow/dags/ETL.py    142  7.28s             0           1  50.86s          2024-07-20T17:41:11
================================================================================
[2024-07-20T17:42:22.369+0000] {manager.py:878} INFO - 
================================================================================
DAG File Processing Stats

File Path                   PID  Runtime      # DAGs    # Errors  Last Runtime    Last Run
------------------------  -----  ---------  --------  ----------  --------------  -------------------
/opt/airflow/dags/ETL.py    142  37.79s            0           1  50.86s          2024-07-20T17:41:11
================================================================================
[2024-07-20T17:42:34.792+0000] {manager.py:1203} ERROR - Processor for /opt/airflow/dags/ETL.py with PID 142 started at 2024-07-20T17:41:44.567355+00:00 has timed out, killing it.
[2024-07-20T17:42:52.447+0000] {manager.py:878} INFO - 
================================================================================
DAG File Processing Stats

File Path                 PID    Runtime      # DAGs    # Errors  Last Runtime    Last Run
------------------------  -----  ---------  --------  ----------  --------------  -------------------
/opt/airflow/dags/ETL.py                           0           1  50.12s          2024-07-20T17:42:34
================================================================================
[2024-07-20T17:43:02.704+0000] {manager.py:737} INFO - Searching for files in /opt/airflow/dags
[2024-07-20T17:43:04.302+0000] {manager.py:740} INFO - There are 1 files in /opt/airflow/dags
[2024-07-20T17:43:23.321+0000] {manager.py:878} INFO - 
================================================================================
DAG File Processing Stats

File Path                   PID  Runtime      # DAGs    # Errors  Last Runtime    Last Run
------------------------  -----  ---------  --------  ----------  --------------  -------------------
/opt/airflow/dags/ETL.py    156  18.33s            0           1  50.12s          2024-07-20T17:42:34
================================================================================
[2024-07-20T17:43:37.871+0000] {manager.py:1016} ERROR - Processor for /opt/airflow/dags/ETL.py exited with return code 1.
[2024-07-20T17:43:53.455+0000] {manager.py:878} INFO - 
================================================================================
DAG File Processing Stats

File Path                 PID    Runtime      # DAGs    # Errors  Last Runtime    Last Run
------------------------  -----  ---------  --------  ----------  --------------  -------------------
/opt/airflow/dags/ETL.py                           0          -1  32.88s          2024-07-20T17:43:37
================================================================================
[2024-07-20T17:44:23.723+0000] {manager.py:878} INFO - 
================================================================================
DAG File Processing Stats

File Path                   PID  Runtime      # DAGs    # Errors  Last Runtime    Last Run
------------------------  -----  ---------  --------  ----------  --------------  -------------------
/opt/airflow/dags/ETL.py    171  14.41s            0          -1  32.88s          2024-07-20T17:43:37
================================================================================
[2024-07-20T17:44:54.860+0000] {manager.py:878} INFO - 
================================================================================
DAG File Processing Stats

File Path                   PID  Runtime      # DAGs    # Errors  Last Runtime    Last Run
------------------------  -----  ---------  --------  ----------  --------------  -------------------
/opt/airflow/dags/ETL.py    171  45.36s            0          -1  32.88s          2024-07-20T17:43:37
================================================================================
[2024-07-20T17:44:59.375+0000] {manager.py:1203} ERROR - Processor for /opt/airflow/dags/ETL.py with PID 171 started at 2024-07-20T17:44:09.239213+00:00 has timed out, killing it.
[2024-07-20T17:45:25.966+0000] {manager.py:878} INFO - 
================================================================================
DAG File Processing Stats

File Path                 PID    Runtime      # DAGs    # Errors  Last Runtime    Last Run
------------------------  -----  ---------  --------  ----------  --------------  -------------------
/opt/airflow/dags/ETL.py                           0           1  50.14s          2024-07-20T17:44:59
================================================================================
[2024-07-20T17:45:56.247+0000] {manager.py:878} INFO - 
================================================================================
DAG File Processing Stats

File Path                   PID  Runtime      # DAGs    # Errors  Last Runtime    Last Run
------------------------  -----  ---------  --------  ----------  --------------  -------------------
/opt/airflow/dags/ETL.py    192  25.66s            0           1  50.14s          2024-07-20T17:44:59
================================================================================
[2024-07-20T17:46:20.999+0000] {manager.py:1203} ERROR - Processor for /opt/airflow/dags/ETL.py with PID 192 started at 2024-07-20T17:45:30.421688+00:00 has timed out, killing it.
[2024-07-20T17:46:26.631+0000] {manager.py:878} INFO - 
================================================================================
DAG File Processing Stats

File Path                 PID    Runtime      # DAGs    # Errors  Last Runtime    Last Run
------------------------  -----  ---------  --------  ----------  --------------  -------------------
/opt/airflow/dags/ETL.py                           0           1  50.46s          2024-07-20T17:46:20
================================================================================
[2024-07-20T17:46:57.089+0000] {manager.py:878} INFO - 
================================================================================
DAG File Processing Stats

File Path                   PID  Runtime      # DAGs    # Errors  Last Runtime    Last Run
------------------------  -----  ---------  --------  ----------  --------------  -------------------
/opt/airflow/dags/ETL.py    205  5.19s             0           1  50.46s          2024-07-20T17:46:20
================================================================================
[2024-07-20T17:58:33.899+0000] {manager.py:737} INFO - Searching for files in /opt/airflow/dags
[2024-07-20T17:58:34.955+0000] {manager.py:740} INFO - There are 1 files in /opt/airflow/dags
[2024-07-20T17:58:35.667+0000] {manager.py:1203} ERROR - Processor for /opt/airflow/dags/ETL.py with PID 205 started at 2024-07-20T17:46:51.871126+00:00 has timed out, killing it.
[2024-07-20T17:58:57.683+0000] {manager.py:878} INFO - 
================================================================================
DAG File Processing Stats

File Path                 PID    Runtime      # DAGs    # Errors  Last Runtime    Last Run
------------------------  -----  ---------  --------  ----------  --------------  -------------------
/opt/airflow/dags/ETL.py                           0           1  703.80s         2024-07-20T17:58:35
================================================================================
[2024-07-20T17:59:29.180+0000] {manager.py:878} INFO - 
================================================================================
DAG File Processing Stats

File Path                   PID  Runtime      # DAGs    # Errors  Last Runtime    Last Run
------------------------  -----  ---------  --------  ----------  --------------  -------------------
/opt/airflow/dags/ETL.py    219  21.92s            0           1  703.80s         2024-07-20T17:58:35
================================================================================
[2024-07-20T17:59:57.569+0000] {manager.py:1203} ERROR - Processor for /opt/airflow/dags/ETL.py with PID 219 started at 2024-07-20T17:59:07.121121+00:00 has timed out, killing it.
[2024-07-20T18:00:00.624+0000] {manager.py:878} INFO - 
================================================================================
DAG File Processing Stats

File Path                 PID    Runtime      # DAGs    # Errors  Last Runtime    Last Run
------------------------  -----  ---------  --------  ----------  --------------  -------------------
/opt/airflow/dags/ETL.py                           0           1  50.43s          2024-07-20T17:59:57
================================================================================
[2024-07-20T18:00:31.107+0000] {manager.py:878} INFO - 
================================================================================
DAG File Processing Stats

File Path                   PID  Runtime      # DAGs    # Errors  Last Runtime    Last Run
------------------------  -----  ---------  --------  ----------  --------------  -------------------
/opt/airflow/dags/ETL.py    233  2.95s             0           1  50.43s          2024-07-20T17:59:57
================================================================================
[2024-07-20T18:01:02.195+0000] {manager.py:878} INFO - 
================================================================================
DAG File Processing Stats

File Path                   PID  Runtime      # DAGs    # Errors  Last Runtime    Last Run
------------------------  -----  ---------  --------  ----------  --------------  -------------------
/opt/airflow/dags/ETL.py    233  34.20s            0           1  50.43s          2024-07-20T17:59:57
================================================================================
[2024-07-20T18:01:18.671+0000] {manager.py:1203} ERROR - Processor for /opt/airflow/dags/ETL.py with PID 233 started at 2024-07-20T18:00:27.958257+00:00 has timed out, killing it.
[2024-07-20T18:01:32.722+0000] {manager.py:878} INFO - 
================================================================================
DAG File Processing Stats

File Path                 PID    Runtime      # DAGs    # Errors  Last Runtime    Last Run
------------------------  -----  ---------  --------  ----------  --------------  -------------------
/opt/airflow/dags/ETL.py                           0           1  50.71s          2024-07-20T18:01:18
================================================================================
[2024-07-20T18:02:03.242+0000] {manager.py:878} INFO - 
================================================================================
DAG File Processing Stats

File Path                   PID  Runtime      # DAGs    # Errors  Last Runtime    Last Run
------------------------  -----  ---------  --------  ----------  --------------  -------------------
/opt/airflow/dags/ETL.py    254  12.85s            0           1  50.71s          2024-07-20T18:01:18
================================================================================
[2024-07-20T20:50:14.339+0000] {manager.py:737} INFO - Searching for files in /opt/airflow/dags
[2024-07-20T20:50:14.968+0000] {manager.py:740} INFO - There are 1 files in /opt/airflow/dags
[2024-07-20T20:50:15.255+0000] {manager.py:1203} ERROR - Processor for /opt/airflow/dags/ETL.py with PID 254 started at 2024-07-20T18:01:50.221511+00:00 has timed out, killing it.
[2024-07-20T20:50:23.586+0000] {manager.py:878} INFO - 
================================================================================
DAG File Processing Stats

File Path                 PID    Runtime      # DAGs    # Errors  Last Runtime    Last Run
------------------------  -----  ---------  --------  ----------  --------------  -------------------
/opt/airflow/dags/ETL.py                           0           1  10105.03s       2024-07-20T20:50:15
================================================================================
[2024-07-20T20:50:54.598+0000] {manager.py:878} INFO - 
================================================================================
DAG File Processing Stats

File Path                   PID  Runtime      # DAGs    # Errors  Last Runtime    Last Run
------------------------  -----  ---------  --------  ----------  --------------  -------------------
/opt/airflow/dags/ETL.py    268  7.67s             0           1  10105.03s       2024-07-20T20:50:15
================================================================================
[2024-07-20T20:51:25.552+0000] {manager.py:878} INFO - 
================================================================================
DAG File Processing Stats

File Path                   PID  Runtime      # DAGs    # Errors  Last Runtime    Last Run
------------------------  -----  ---------  --------  ----------  --------------  -------------------
/opt/airflow/dags/ETL.py    268  38.76s            0           1  10105.03s       2024-07-20T20:50:15
================================================================================
[2024-07-20T20:51:36.789+0000] {manager.py:1203} ERROR - Processor for /opt/airflow/dags/ETL.py with PID 268 started at 2024-07-20T20:50:46.738087+00:00 has timed out, killing it.
[2024-07-20T20:51:56.183+0000] {manager.py:878} INFO - 
================================================================================
DAG File Processing Stats

File Path                 PID    Runtime      # DAGs    # Errors  Last Runtime    Last Run
------------------------  -----  ---------  --------  ----------  --------------  -------------------
/opt/airflow/dags/ETL.py                           0           1  50.04s          2024-07-20T20:51:36
================================================================================
[2024-07-20T20:52:29.187+0000] {manager.py:878} INFO - 
================================================================================
DAG File Processing Stats

File Path                   PID  Runtime      # DAGs    # Errors  Last Runtime    Last Run
------------------------  -----  ---------  --------  ----------  --------------  -------------------
/opt/airflow/dags/ETL.py    282  19.91s            0           1  50.04s          2024-07-20T20:51:36
================================================================================
[2024-07-20T20:52:53.619+0000] {manager.py:1016} ERROR - Processor for /opt/airflow/dags/ETL.py exited with return code 1.
[2024-07-20T20:52:59.643+0000] {manager.py:878} INFO - 
================================================================================
DAG File Processing Stats

File Path                 PID    Runtime      # DAGs    # Errors  Last Runtime    Last Run
------------------------  -----  ---------  --------  ----------  --------------  -------------------
/opt/airflow/dags/ETL.py                           0          -1  46.05s          2024-07-20T20:52:53
================================================================================
[2024-07-20T20:53:30.737+0000] {manager.py:878} INFO - 
================================================================================
DAG File Processing Stats

File Path                   PID  Runtime      # DAGs    # Errors  Last Runtime    Last Run
------------------------  -----  ---------  --------  ----------  --------------  -------------------
/opt/airflow/dags/ETL.py    295  5.25s             0          -1  46.05s          2024-07-20T20:52:53
================================================================================
[2024-07-20T20:54:02.217+0000] {manager.py:878} INFO - 
================================================================================
DAG File Processing Stats

File Path                   PID  Runtime      # DAGs    # Errors  Last Runtime    Last Run
------------------------  -----  ---------  --------  ----------  --------------  -------------------
/opt/airflow/dags/ETL.py    295  36.97s            0          -1  46.05s          2024-07-20T20:52:53
================================================================================
[2024-07-20T20:54:15.790+0000] {manager.py:1203} ERROR - Processor for /opt/airflow/dags/ETL.py with PID 295 started at 2024-07-20T20:53:25.208006+00:00 has timed out, killing it.
[2024-07-20T20:54:33.353+0000] {manager.py:878} INFO - 
================================================================================
DAG File Processing Stats

File Path                 PID    Runtime      # DAGs    # Errors  Last Runtime    Last Run
------------------------  -----  ---------  --------  ----------  --------------  -------------------
/opt/airflow/dags/ETL.py                           0           1  50.58s          2024-07-20T20:54:15
================================================================================
[2024-07-20T20:55:03.595+0000] {manager.py:878} INFO - 
================================================================================
DAG File Processing Stats

File Path                   PID  Runtime      # DAGs    # Errors  Last Runtime    Last Run
------------------------  -----  ---------  --------  ----------  --------------  -------------------
/opt/airflow/dags/ETL.py    315  16.47s            0           1  50.58s          2024-07-20T20:54:15
================================================================================
[2024-07-20T20:55:14.574+0000] {manager.py:737} INFO - Searching for files in /opt/airflow/dags
[2024-07-20T20:55:15.559+0000] {manager.py:740} INFO - There are 1 files in /opt/airflow/dags
[2024-07-20T20:55:23.827+0000] {manager.py:1016} ERROR - Processor for /opt/airflow/dags/ETL.py exited with return code 1.
[2024-07-20T20:55:34.846+0000] {manager.py:878} INFO - 
================================================================================
DAG File Processing Stats

File Path                 PID    Runtime      # DAGs    # Errors  Last Runtime    Last Run
------------------------  -----  ---------  --------  ----------  --------------  -------------------
/opt/airflow/dags/ETL.py                           0          -1  36.73s          2024-07-20T20:55:23
================================================================================
[2024-07-20T20:56:05.613+0000] {manager.py:878} INFO - 
================================================================================
DAG File Processing Stats

File Path                   PID  Runtime      # DAGs    # Errors  Last Runtime    Last Run
------------------------  -----  ---------  --------  ----------  --------------  -------------------
/opt/airflow/dags/ETL.py    323  10.98s            0          -1  36.73s          2024-07-20T20:55:23
================================================================================
[2024-07-20T20:56:31.225+0000] {manager.py:1016} ERROR - Processor for /opt/airflow/dags/ETL.py exited with return code 1.
[2024-07-20T20:56:35.854+0000] {manager.py:878} INFO - 
================================================================================
DAG File Processing Stats

File Path                 PID    Runtime      # DAGs    # Errors  Last Runtime    Last Run
------------------------  -----  ---------  --------  ----------  --------------  -------------------
/opt/airflow/dags/ETL.py                           0          -1  36.78s          2024-07-20T20:56:31
================================================================================
[2024-07-20T20:57:06.561+0000] {manager.py:878} INFO - 
================================================================================
DAG File Processing Stats

File Path                   PID  Runtime      # DAGs    # Errors  Last Runtime    Last Run
------------------------  -----  ---------  --------  ----------  --------------  -------------------
/opt/airflow/dags/ETL.py    337  4.00s             0          -1  36.78s          2024-07-20T20:56:31
================================================================================
[2024-07-20T20:57:36.728+0000] {manager.py:878} INFO - 
================================================================================
DAG File Processing Stats

File Path                   PID  Runtime      # DAGs    # Errors  Last Runtime    Last Run
------------------------  -----  ---------  --------  ----------  --------------  -------------------
/opt/airflow/dags/ETL.py    337  34.19s            0          -1  36.78s          2024-07-20T20:56:31
================================================================================
[2024-07-20T20:57:52.658+0000] {manager.py:1203} ERROR - Processor for /opt/airflow/dags/ETL.py with PID 337 started at 2024-07-20T20:57:02.486790+00:00 has timed out, killing it.
[2024-07-20T20:58:06.973+0000] {manager.py:878} INFO - 
================================================================================
DAG File Processing Stats

File Path                 PID    Runtime      # DAGs    # Errors  Last Runtime    Last Run
------------------------  -----  ---------  --------  ----------  --------------  -------------------
/opt/airflow/dags/ETL.py                           0           1  50.17s          2024-07-20T20:57:52
================================================================================
[2024-07-20T20:58:37.813+0000] {manager.py:878} INFO - 
================================================================================
DAG File Processing Stats

File Path                   PID  Runtime      # DAGs    # Errors  Last Runtime    Last Run
------------------------  -----  ---------  --------  ----------  --------------  -------------------
/opt/airflow/dags/ETL.py    357  13.22s            0           1  50.17s          2024-07-20T20:57:52
================================================================================
[2024-07-20T20:59:08.308+0000] {manager.py:878} INFO - 
================================================================================
DAG File Processing Stats

File Path                   PID  Runtime      # DAGs    # Errors  Last Runtime    Last Run
------------------------  -----  ---------  --------  ----------  --------------  -------------------
/opt/airflow/dags/ETL.py    357  43.44s            0           1  50.17s          2024-07-20T20:57:52
================================================================================
[2024-07-20T20:59:10.935+0000] {manager.py:1016} ERROR - Processor for /opt/airflow/dags/ETL.py exited with return code 1.
[2024-07-20T20:59:39.206+0000] {manager.py:878} INFO - 
================================================================================
DAG File Processing Stats

File Path                 PID    Runtime      # DAGs    # Errors  Last Runtime    Last Run
------------------------  -----  ---------  --------  ----------  --------------  -------------------
/opt/airflow/dags/ETL.py                           0          -1  46.32s          2024-07-20T20:59:10
================================================================================
[2024-07-20T21:00:09.769+0000] {manager.py:878} INFO - 
================================================================================
DAG File Processing Stats

File Path                   PID  Runtime      # DAGs    # Errors  Last Runtime    Last Run
------------------------  -----  ---------  --------  ----------  --------------  -------------------
/opt/airflow/dags/ETL.py    370  26.73s            0          -1  46.32s          2024-07-20T20:59:10
================================================================================
[2024-07-20T21:00:16.345+0000] {manager.py:737} INFO - Searching for files in /opt/airflow/dags
[2024-07-20T21:00:19.462+0000] {manager.py:740} INFO - There are 1 files in /opt/airflow/dags
[2024-07-20T21:00:33.796+0000] {manager.py:1203} ERROR - Processor for /opt/airflow/dags/ETL.py with PID 370 started at 2024-07-20T20:59:42.839019+00:00 has timed out, killing it.
[2024-07-20T21:00:39.891+0000] {manager.py:878} INFO - 
================================================================================
DAG File Processing Stats

File Path                 PID    Runtime      # DAGs    # Errors  Last Runtime    Last Run
------------------------  -----  ---------  --------  ----------  --------------  -------------------
/opt/airflow/dags/ETL.py                           0           1  50.95s          2024-07-20T21:00:33
================================================================================
[2024-07-20T21:01:12.120+0000] {manager.py:878} INFO - 
================================================================================
DAG File Processing Stats

File Path                   PID  Runtime      # DAGs    # Errors  Last Runtime    Last Run
------------------------  -----  ---------  --------  ----------  --------------  -------------------
/opt/airflow/dags/ETL.py    384  6.82s             0           1  50.95s          2024-07-20T21:00:33
================================================================================
[2024-07-20T21:01:43.439+0000] {manager.py:878} INFO - 
================================================================================
DAG File Processing Stats

File Path                   PID  Runtime      # DAGs    # Errors  Last Runtime    Last Run
------------------------  -----  ---------  --------  ----------  --------------  -------------------
/opt/airflow/dags/ETL.py    384  38.47s            0           1  50.95s          2024-07-20T21:00:33
================================================================================
[2024-07-20T21:01:50.375+0000] {manager.py:1016} ERROR - Processor for /opt/airflow/dags/ETL.py exited with return code 1.
[2024-07-20T21:02:14.630+0000] {manager.py:878} INFO - 
================================================================================
DAG File Processing Stats

File Path                 PID    Runtime      # DAGs    # Errors  Last Runtime    Last Run
------------------------  -----  ---------  --------  ----------  --------------  -------------------
/opt/airflow/dags/ETL.py                           0          -1  45.40s          2024-07-20T21:01:50
================================================================================
[2024-07-20T21:02:47.783+0000] {manager.py:878} INFO - 
================================================================================
DAG File Processing Stats

File Path                   PID  Runtime      # DAGs    # Errors  Last Runtime    Last Run
------------------------  -----  ---------  --------  ----------  --------------  -------------------
/opt/airflow/dags/ETL.py    397  25.89s            0          -1  45.40s          2024-07-20T21:01:50
================================================================================
[2024-07-20T21:13:54.648+0000] {manager.py:470} INFO - Processing files using up to 2 processes at a time 
[2024-07-20T21:13:54.669+0000] {manager.py:471} INFO - Process each file at most once every 30 seconds
[2024-07-20T21:13:54.682+0000] {manager.py:472} INFO - Checking for new files in /opt/airflow/dags every 300 seconds
[2024-07-20T21:13:54.684+0000] {manager.py:737} INFO - Searching for files in /opt/airflow/dags
[2024-07-20T21:13:55.806+0000] {manager.py:740} INFO - There are 1 files in /opt/airflow/dags
[2024-07-20T21:13:57.643+0000] {manager.py:878} INFO - 
================================================================================
DAG File Processing Stats

File Path                   PID  Runtime      # DAGs    # Errors  Last Runtime    Last Run
------------------------  -----  ---------  --------  ----------  --------------  ----------
/opt/airflow/dags/ETL.py     48  1.33s             0           0
================================================================================
[2024-07-20T21:14:27.957+0000] {manager.py:878} INFO - 
================================================================================
DAG File Processing Stats

File Path                   PID  Runtime      # DAGs    # Errors  Last Runtime    Last Run
------------------------  -----  ---------  --------  ----------  --------------  ----------
/opt/airflow/dags/ETL.py     48  31.67s            0           0
================================================================================
[2024-07-20T21:14:30.817+0000] {manager.py:1016} ERROR - Processor for /opt/airflow/dags/ETL.py exited with return code 1.
[2024-07-20T21:14:58.865+0000] {manager.py:878} INFO - 
================================================================================
DAG File Processing Stats

File Path                 PID    Runtime      # DAGs    # Errors  Last Runtime    Last Run
------------------------  -----  ---------  --------  ----------  --------------  -------------------
/opt/airflow/dags/ETL.py                           0          -1  34.55s          2024-07-20T21:14:30
================================================================================
[2024-07-20T21:15:29.054+0000] {manager.py:878} INFO - 
================================================================================
DAG File Processing Stats

File Path                   PID  Runtime      # DAGs    # Errors  Last Runtime    Last Run
------------------------  -----  ---------  --------  ----------  --------------  -------------------
/opt/airflow/dags/ETL.py     62  27.75s            0          -1  34.55s          2024-07-20T21:14:30
================================================================================
[2024-07-20T21:15:59.468+0000] {manager.py:878} INFO - 
================================================================================
DAG File Processing Stats

File Path                 PID    Runtime      # DAGs    # Errors  Last Runtime    Last Run
------------------------  -----  ---------  --------  ----------  --------------  -------------------
/opt/airflow/dags/ETL.py                           1           0  28.91s          2024-07-20T21:15:30
================================================================================
[2024-07-20T21:16:29.674+0000] {manager.py:878} INFO - 
================================================================================
DAG File Processing Stats

File Path                 PID    Runtime      # DAGs    # Errors  Last Runtime    Last Run
------------------------  -----  ---------  --------  ----------  --------------  -------------------
/opt/airflow/dags/ETL.py                           1           0  23.07s          2024-07-20T21:16:23
================================================================================
[2024-07-20T21:17:00.736+0000] {manager.py:878} INFO - 
================================================================================
DAG File Processing Stats

File Path                   PID  Runtime      # DAGs    # Errors  Last Runtime    Last Run
------------------------  -----  ---------  --------  ----------  --------------  -------------------
/opt/airflow/dags/ETL.py     91  4.83s             1           0  23.07s          2024-07-20T21:16:23
================================================================================
[2024-07-20T21:17:31.468+0000] {manager.py:878} INFO - 
================================================================================
DAG File Processing Stats

File Path                   PID  Runtime      # DAGs    # Errors  Last Runtime    Last Run
------------------------  -----  ---------  --------  ----------  --------------  -------------------
/opt/airflow/dags/ETL.py     91  35.56s            1           0  23.07s          2024-07-20T21:16:23
================================================================================
[2024-07-20T21:17:46.009+0000] {manager.py:1203} ERROR - Processor for /opt/airflow/dags/ETL.py with PID 91 started at 2024-07-20T21:16:55.858824+00:00 has timed out, killing it.
[2024-07-20T21:18:01.934+0000] {manager.py:878} INFO - 
================================================================================
DAG File Processing Stats

File Path                 PID    Runtime      # DAGs    # Errors  Last Runtime    Last Run
------------------------  -----  ---------  --------  ----------  --------------  -------------------
/opt/airflow/dags/ETL.py                           0           1  50.15s          2024-07-20T21:17:46
================================================================================
[2024-07-20T21:18:32.204+0000] {manager.py:878} INFO - 
================================================================================
DAG File Processing Stats

File Path                   PID  Runtime      # DAGs    # Errors  Last Runtime    Last Run
------------------------  -----  ---------  --------  ----------  --------------  -------------------
/opt/airflow/dags/ETL.py    111  14.80s            0           1  50.15s          2024-07-20T21:17:46
================================================================================
[2024-07-20T21:18:55.190+0000] {manager.py:737} INFO - Searching for files in /opt/airflow/dags
[2024-07-20T21:18:57.140+0000] {manager.py:740} INFO - There are 1 files in /opt/airflow/dags
[2024-07-20T21:19:03.260+0000] {manager.py:878} INFO - 
================================================================================
DAG File Processing Stats

File Path                   PID  Runtime      # DAGs    # Errors  Last Runtime    Last Run
------------------------  -----  ---------  --------  ----------  --------------  -------------------
/opt/airflow/dags/ETL.py    111  45.61s            0           1  50.15s          2024-07-20T21:17:46
================================================================================
[2024-07-20T21:19:07.439+0000] {manager.py:1203} ERROR - Processor for /opt/airflow/dags/ETL.py with PID 111 started at 2024-07-20T21:18:17.342390+00:00 has timed out, killing it.
[2024-07-20T21:19:33.696+0000] {manager.py:878} INFO - 
================================================================================
DAG File Processing Stats

File Path                 PID    Runtime      # DAGs    # Errors  Last Runtime    Last Run
------------------------  -----  ---------  --------  ----------  --------------  -------------------
/opt/airflow/dags/ETL.py                           0           1  50.10s          2024-07-20T21:19:07
================================================================================
[2024-07-20T21:20:04.583+0000] {manager.py:878} INFO - 
================================================================================
DAG File Processing Stats

File Path                   PID  Runtime      # DAGs    # Errors  Last Runtime    Last Run
------------------------  -----  ---------  --------  ----------  --------------  -------------------
/opt/airflow/dags/ETL.py    125  26.19s            0           1  50.10s          2024-07-20T21:19:07
================================================================================
[2024-07-20T21:20:29.048+0000] {manager.py:1203} ERROR - Processor for /opt/airflow/dags/ETL.py with PID 125 started at 2024-07-20T21:19:38.327003+00:00 has timed out, killing it.
[2024-07-20T21:20:35.543+0000] {manager.py:878} INFO - 
================================================================================
DAG File Processing Stats

File Path                 PID    Runtime      # DAGs    # Errors  Last Runtime    Last Run
------------------------  -----  ---------  --------  ----------  --------------  -------------------
/opt/airflow/dags/ETL.py                           0           1  50.66s          2024-07-20T21:20:28
================================================================================
[2024-07-20T21:21:06.973+0000] {manager.py:878} INFO - 
================================================================================
DAG File Processing Stats

File Path                   PID  Runtime      # DAGs    # Errors  Last Runtime    Last Run
------------------------  -----  ---------  --------  ----------  --------------  -------------------
/opt/airflow/dags/ETL.py    146  5.52s             0           1  50.66s          2024-07-20T21:20:28
================================================================================
[2024-07-20T21:21:35.956+0000] {manager.py:1016} ERROR - Processor for /opt/airflow/dags/ETL.py exited with return code 1.
[2024-07-20T21:21:37.295+0000] {manager.py:878} INFO - 
================================================================================
DAG File Processing Stats

File Path                 PID    Runtime      # DAGs    # Errors  Last Runtime    Last Run
------------------------  -----  ---------  --------  ----------  --------------  -------------------
/opt/airflow/dags/ETL.py                           0          -1  35.34s          2024-07-20T21:21:35
================================================================================
[2024-07-20T21:22:07.419+0000] {manager.py:878} INFO - 
================================================================================
DAG File Processing Stats

File Path                   PID  Runtime      # DAGs    # Errors  Last Runtime    Last Run
------------------------  -----  ---------  --------  ----------  --------------  -------------------
/opt/airflow/dags/ETL.py    160  1.08s             0          -1  35.34s          2024-07-20T21:21:35
================================================================================
[2024-07-20T21:22:38.096+0000] {manager.py:878} INFO - 
================================================================================
DAG File Processing Stats

File Path                   PID  Runtime      # DAGs    # Errors  Last Runtime    Last Run
------------------------  -----  ---------  --------  ----------  --------------  -------------------
/opt/airflow/dags/ETL.py    160  31.73s            0          -1  35.34s          2024-07-20T21:21:35
================================================================================
[2024-07-20T21:22:57.192+0000] {manager.py:1203} ERROR - Processor for /opt/airflow/dags/ETL.py with PID 160 started at 2024-07-20T21:22:06.332159+00:00 has timed out, killing it.
[2024-07-20T21:23:08.997+0000] {manager.py:878} INFO - 
================================================================================
DAG File Processing Stats

File Path                 PID    Runtime      # DAGs    # Errors  Last Runtime    Last Run
------------------------  -----  ---------  --------  ----------  --------------  -------------------
/opt/airflow/dags/ETL.py                           0           1  50.86s          2024-07-20T21:22:57
================================================================================
[2024-07-20T21:23:39.674+0000] {manager.py:878} INFO - 
================================================================================
DAG File Processing Stats

File Path                   PID  Runtime      # DAGs    # Errors  Last Runtime    Last Run
------------------------  -----  ---------  --------  ----------  --------------  -------------------
/opt/airflow/dags/ETL.py    174  11.66s            0           1  50.86s          2024-07-20T21:22:57
================================================================================
[2024-07-20T21:23:55.587+0000] {manager.py:737} INFO - Searching for files in /opt/airflow/dags
[2024-07-20T21:23:56.883+0000] {manager.py:740} INFO - There are 1 files in /opt/airflow/dags
[2024-07-20T21:24:03.752+0000] {manager.py:1016} ERROR - Processor for /opt/airflow/dags/ETL.py exited with return code 1.
[2024-07-20T21:24:09.962+0000] {manager.py:878} INFO - 
================================================================================
DAG File Processing Stats

File Path                 PID    Runtime      # DAGs    # Errors  Last Runtime    Last Run
------------------------  -----  ---------  --------  ----------  --------------  -------------------
/opt/airflow/dags/ETL.py                           0          -1  35.72s          2024-07-20T21:24:03
================================================================================
[2024-07-20T21:24:40.705+0000] {manager.py:878} INFO - 
================================================================================
DAG File Processing Stats

File Path                   PID  Runtime      # DAGs    # Errors  Last Runtime    Last Run
------------------------  -----  ---------  --------  ----------  --------------  -------------------
/opt/airflow/dags/ETL.py    187  6.23s             0          -1  35.72s          2024-07-20T21:24:03
================================================================================
[2024-07-20T21:25:10.810+0000] {manager.py:878} INFO - 
================================================================================
DAG File Processing Stats

File Path                   PID  Runtime      # DAGs    # Errors  Last Runtime    Last Run
------------------------  -----  ---------  --------  ----------  --------------  -------------------
/opt/airflow/dags/ETL.py    187  36.32s            0          -1  35.72s          2024-07-20T21:24:03
================================================================================
[2024-07-20T21:25:24.627+0000] {manager.py:1203} ERROR - Processor for /opt/airflow/dags/ETL.py with PID 187 started at 2024-07-20T21:24:34.474792+00:00 has timed out, killing it.
[2024-07-20T21:25:41.796+0000] {manager.py:878} INFO - 
================================================================================
DAG File Processing Stats

File Path                 PID    Runtime      # DAGs    # Errors  Last Runtime    Last Run
------------------------  -----  ---------  --------  ----------  --------------  -------------------
/opt/airflow/dags/ETL.py                           0           1  50.15s          2024-07-20T21:25:24
================================================================================
[2024-07-20T21:26:12.203+0000] {manager.py:878} INFO - 
================================================================================
DAG File Processing Stats

File Path                   PID  Runtime      # DAGs    # Errors  Last Runtime    Last Run
------------------------  -----  ---------  --------  ----------  --------------  -------------------
/opt/airflow/dags/ETL.py    207  16.91s            0           1  50.15s          2024-07-20T21:25:24
================================================================================
[2024-07-20T21:26:42.429+0000] {manager.py:878} INFO - 
================================================================================
DAG File Processing Stats

File Path                   PID  Runtime      # DAGs    # Errors  Last Runtime    Last Run
------------------------  -----  ---------  --------  ----------  --------------  -------------------
/opt/airflow/dags/ETL.py    207  47.17s            0           1  50.15s          2024-07-20T21:25:24
================================================================================
[2024-07-20T21:26:45.640+0000] {manager.py:1203} ERROR - Processor for /opt/airflow/dags/ETL.py with PID 207 started at 2024-07-20T21:25:55.256750+00:00 has timed out, killing it.
[2024-07-20T21:27:12.700+0000] {manager.py:878} INFO - 
================================================================================
DAG File Processing Stats

File Path                 PID    Runtime      # DAGs    # Errors  Last Runtime    Last Run
------------------------  -----  ---------  --------  ----------  --------------  -------------------
/opt/airflow/dags/ETL.py                           0           1  50.38s          2024-07-20T21:26:45
================================================================================
[2024-07-20T21:27:44.307+0000] {manager.py:878} INFO - 
================================================================================
DAG File Processing Stats

File Path                   PID  Runtime      # DAGs    # Errors  Last Runtime    Last Run
------------------------  -----  ---------  --------  ----------  --------------  -------------------
/opt/airflow/dags/ETL.py    222  26.59s            0           1  50.38s          2024-07-20T21:26:45
================================================================================
[2024-07-20T21:27:55.600+0000] {manager.py:1016} ERROR - Processor for /opt/airflow/dags/ETL.py exited with return code 1.
[2024-07-20T21:28:14.532+0000] {manager.py:878} INFO - 
================================================================================
DAG File Processing Stats

File Path                 PID    Runtime      # DAGs    # Errors  Last Runtime    Last Run
------------------------  -----  ---------  --------  ----------  --------------  -------------------
/opt/airflow/dags/ETL.py                           0          -1  38.65s          2024-07-20T21:27:55
================================================================================
[2024-07-20T21:28:45.491+0000] {manager.py:878} INFO - 
================================================================================
DAG File Processing Stats

File Path                   PID  Runtime      # DAGs    # Errors  Last Runtime    Last Run
------------------------  -----  ---------  --------  ----------  --------------  -------------------
/opt/airflow/dags/ETL.py    241  17.78s            0          -1  38.65s          2024-07-20T21:27:55
================================================================================
[2024-07-20T21:28:56.088+0000] {manager.py:737} INFO - Searching for files in /opt/airflow/dags
[2024-07-20T21:28:57.023+0000] {manager.py:740} INFO - There are 1 files in /opt/airflow/dags
[2024-07-20T21:29:15.973+0000] {manager.py:878} INFO - 
================================================================================
DAG File Processing Stats

File Path                 PID    Runtime      # DAGs    # Errors  Last Runtime    Last Run
------------------------  -----  ---------  --------  ----------  --------------  -------------------
/opt/airflow/dags/ETL.py                           1           0  30.08s          2024-07-20T21:28:57
================================================================================
[2024-07-20T21:29:46.694+0000] {manager.py:878} INFO - 
================================================================================
DAG File Processing Stats

File Path                   PID  Runtime      # DAGs    # Errors  Last Runtime    Last Run
------------------------  -----  ---------  --------  ----------  --------------  -------------------
/opt/airflow/dags/ETL.py    256  17.95s            1           0  30.08s          2024-07-20T21:28:57
================================================================================
[2024-07-20T21:30:04.060+0000] {manager.py:1016} ERROR - Processor for /opt/airflow/dags/ETL.py exited with return code 1.
[2024-07-20T21:30:16.954+0000] {manager.py:878} INFO - 
================================================================================
DAG File Processing Stats

File Path                 PID    Runtime      # DAGs    # Errors  Last Runtime    Last Run
------------------------  -----  ---------  --------  ----------  --------------  -------------------
/opt/airflow/dags/ETL.py                           0          -1  35.38s          2024-07-20T21:30:04
================================================================================
[2024-07-20T21:30:48.325+0000] {manager.py:878} INFO - 
================================================================================
DAG File Processing Stats

File Path                   PID  Runtime      # DAGs    # Errors  Last Runtime    Last Run
------------------------  -----  ---------  --------  ----------  --------------  -------------------
/opt/airflow/dags/ETL.py    270  13.14s            0          -1  35.38s          2024-07-20T21:30:04
================================================================================
[2024-07-20T21:31:18.648+0000] {manager.py:878} INFO - 
================================================================================
DAG File Processing Stats

File Path                   PID  Runtime      # DAGs    # Errors  Last Runtime    Last Run
------------------------  -----  ---------  --------  ----------  --------------  -------------------
/opt/airflow/dags/ETL.py    270  43.45s            0          -1  35.38s          2024-07-20T21:30:04
================================================================================
[2024-07-20T21:31:25.997+0000] {manager.py:1203} ERROR - Processor for /opt/airflow/dags/ETL.py with PID 270 started at 2024-07-20T21:30:35.136771+00:00 has timed out, killing it.
[2024-07-20T21:31:49.345+0000] {manager.py:878} INFO - 
================================================================================
DAG File Processing Stats

File Path                 PID    Runtime      # DAGs    # Errors  Last Runtime    Last Run
------------------------  -----  ---------  --------  ----------  --------------  -------------------
/opt/airflow/dags/ETL.py                           0           1  50.86s          2024-07-20T21:31:25
================================================================================
[2024-07-20T21:35:55.547+0000] {manager.py:737} INFO - Searching for files in /opt/airflow/dags
[2024-07-20T21:36:01.337+0000] {manager.py:740} INFO - There are 1 files in /opt/airflow/dags
[2024-07-20T21:36:05.431+0000] {manager.py:1203} ERROR - Processor for /opt/airflow/dags/ETL.py with PID 286 started at 2024-07-20T21:31:57.922098+00:00 has timed out, killing it.
[2024-07-20T21:36:14.380+0000] {manager.py:878} INFO - 
================================================================================
DAG File Processing Stats

File Path                 PID    Runtime      # DAGs    # Errors  Last Runtime    Last Run
------------------------  -----  ---------  --------  ----------  --------------  -------------------
/opt/airflow/dags/ETL.py                           0           1  247.51s         2024-07-20T21:36:05
================================================================================
[2024-07-20T21:36:44.957+0000] {manager.py:878} INFO - 
================================================================================
DAG File Processing Stats

File Path                   PID  Runtime      # DAGs    # Errors  Last Runtime    Last Run
------------------------  -----  ---------  --------  ----------  --------------  -------------------
/opt/airflow/dags/ETL.py    292  8.25s             0           1  247.51s         2024-07-20T21:36:05
================================================================================
[2024-07-20T21:37:16.523+0000] {manager.py:878} INFO - 
================================================================================
DAG File Processing Stats

File Path                   PID  Runtime      # DAGs    # Errors  Last Runtime    Last Run
------------------------  -----  ---------  --------  ----------  --------------  -------------------
/opt/airflow/dags/ETL.py    292  39.77s            0           1  247.51s         2024-07-20T21:36:05
================================================================================
[2024-07-20T21:37:26.796+0000] {manager.py:1203} ERROR - Processor for /opt/airflow/dags/ETL.py with PID 292 started at 2024-07-20T21:36:36.494834+00:00 has timed out, killing it.
[2024-07-20T21:37:47.917+0000] {manager.py:878} INFO - 
================================================================================
DAG File Processing Stats

File Path                 PID    Runtime      # DAGs    # Errors  Last Runtime    Last Run
------------------------  -----  ---------  --------  ----------  --------------  -------------------
/opt/airflow/dags/ETL.py                           0           1  50.29s          2024-07-20T21:37:26
================================================================================
[2024-07-20T21:38:19.104+0000] {manager.py:878} INFO - 
================================================================================
DAG File Processing Stats

File Path                   PID  Runtime      # DAGs    # Errors  Last Runtime    Last Run
------------------------  -----  ---------  --------  ----------  --------------  -------------------
/opt/airflow/dags/ETL.py    313  21.29s            0           1  50.29s          2024-07-20T21:37:26
================================================================================
[2024-07-20T21:38:37.027+0000] {manager.py:1016} ERROR - Processor for /opt/airflow/dags/ETL.py exited with return code 1.
[2024-07-20T21:38:50.722+0000] {manager.py:878} INFO - 
================================================================================
DAG File Processing Stats

File Path                 PID    Runtime      # DAGs    # Errors  Last Runtime    Last Run
------------------------  -----  ---------  --------  ----------  --------------  -------------------
/opt/airflow/dags/ETL.py                           0          -1  39.16s          2024-07-20T21:38:36
================================================================================
[2024-07-20T21:39:21.811+0000] {manager.py:878} INFO - 
================================================================================
DAG File Processing Stats

File Path                   PID  Runtime      # DAGs    # Errors  Last Runtime    Last Run
------------------------  -----  ---------  --------  ----------  --------------  -------------------
/opt/airflow/dags/ETL.py    327  10.95s            0          -1  39.16s          2024-07-20T21:38:36
================================================================================
[2024-07-20T21:39:53.113+0000] {manager.py:878} INFO - 
================================================================================
DAG File Processing Stats

File Path                   PID  Runtime      # DAGs    # Errors  Last Runtime    Last Run
------------------------  -----  ---------  --------  ----------  --------------  -------------------
/opt/airflow/dags/ETL.py    327  42.56s            0          -1  39.16s          2024-07-20T21:38:36
================================================================================
[2024-07-20T21:40:00.537+0000] {manager.py:1016} ERROR - Processor for /opt/airflow/dags/ETL.py exited with return code 1.
[2024-07-20T21:40:03.969+0000] {manager.py:452} INFO - Exiting gracefully upon receiving signal 15
[2024-07-20T22:55:26.627+0000] {manager.py:470} INFO - Processing files using up to 2 processes at a time 
[2024-07-20T22:55:26.650+0000] {manager.py:471} INFO - Process each file at most once every 30 seconds
[2024-07-20T22:55:26.662+0000] {manager.py:472} INFO - Checking for new files in /opt/airflow/dags every 300 seconds
[2024-07-20T22:55:26.686+0000] {manager.py:737} INFO - Searching for files in /opt/airflow/dags
[2024-07-20T22:55:27.769+0000] {manager.py:740} INFO - There are 1 files in /opt/airflow/dags
[2024-07-20T22:55:35.174+0000] {manager.py:878} INFO - 
================================================================================
DAG File Processing Stats

File Path                   PID  Runtime      # DAGs    # Errors  Last Runtime    Last Run
------------------------  -----  ---------  --------  ----------  --------------  ----------
/opt/airflow/dags/ETL.py    110  4.16s             0           0
================================================================================
[2024-07-20T22:56:05.252+0000] {manager.py:878} INFO - 
================================================================================
DAG File Processing Stats

File Path                   PID  Runtime      # DAGs    # Errors  Last Runtime    Last Run
------------------------  -----  ---------  --------  ----------  --------------  ----------
/opt/airflow/dags/ETL.py    110  34.53s            0           0
================================================================================
[2024-07-20T22:56:11.537+0000] {manager.py:1016} ERROR - Processor for /opt/airflow/dags/ETL.py exited with return code 1.
[2024-07-20T22:56:34.276+0000] {manager.py:452} INFO - Exiting gracefully upon receiving signal 15
