[2024-07-20T17:38:07.766+0000] {processor.py:161} INFO - Started process (PID=95) to work on /opt/airflow/dags/ETL.py
[2024-07-20T17:38:07.876+0000] {processor.py:830} INFO - Processing file /opt/airflow/dags/ETL.py for tasks to queue
[2024-07-20T17:38:08.102+0000] {logging_mixin.py:188} INFO - [2024-07-20T17:38:08.071+0000] {dagbag.py:545} INFO - Filling up the DagBag from /opt/airflow/dags/ETL.py
[2024-07-20T17:38:40.010+0000] {logging_mixin.py:188} INFO - [2024-07-20T17:38:39.937+0000] {timeout.py:68} ERROR - Process timed out, PID: 95
[2024-07-20T17:39:14.089+0000] {processor.py:161} INFO - Started process (PID=109) to work on /opt/airflow/dags/ETL.py
[2024-07-20T17:39:14.235+0000] {processor.py:830} INFO - Processing file /opt/airflow/dags/ETL.py for tasks to queue
[2024-07-20T17:39:14.529+0000] {logging_mixin.py:188} INFO - [2024-07-20T17:39:14.500+0000] {dagbag.py:545} INFO - Filling up the DagBag from /opt/airflow/dags/ETL.py
[2024-07-20T17:39:49.529+0000] {logging_mixin.py:188} INFO - [2024-07-20T17:39:49.333+0000] {timeout.py:68} ERROR - Process timed out, PID: 109
[2024-07-20T17:40:21.474+0000] {processor.py:161} INFO - Started process (PID=123) to work on /opt/airflow/dags/ETL.py
[2024-07-20T17:40:21.633+0000] {processor.py:830} INFO - Processing file /opt/airflow/dags/ETL.py for tasks to queue
[2024-07-20T17:40:21.974+0000] {logging_mixin.py:188} INFO - [2024-07-20T17:40:21.920+0000] {dagbag.py:545} INFO - Filling up the DagBag from /opt/airflow/dags/ETL.py
[2024-07-20T17:41:44.840+0000] {processor.py:161} INFO - Started process (PID=142) to work on /opt/airflow/dags/ETL.py
[2024-07-20T17:41:44.853+0000] {processor.py:830} INFO - Processing file /opt/airflow/dags/ETL.py for tasks to queue
[2024-07-20T17:41:44.920+0000] {logging_mixin.py:188} INFO - [2024-07-20T17:41:44.912+0000] {dagbag.py:545} INFO - Filling up the DagBag from /opt/airflow/dags/ETL.py
[2024-07-20T17:42:25.031+0000] {logging_mixin.py:188} INFO - [2024-07-20T17:42:25.024+0000] {timeout.py:68} ERROR - Process timed out, PID: 142
[2024-07-20T17:42:25.051+0000] {logging_mixin.py:188} WARNING - Exception ignored in: <function WeakKeyDictionary.__init__.<locals>.remove at 0x7fbec2ccde40>
[2024-07-20T17:42:25.054+0000] {logging_mixin.py:188} WARNING - Traceback (most recent call last):
[2024-07-20T17:42:25.057+0000] {logging_mixin.py:188} WARNING -   File "/usr/local/lib/python3.12/weakref.py", line 369, in remove
[2024-07-20T17:42:25.063+0000] {logging_mixin.py:188} WARNING -     def remove(k, selfref=ref(self)):
[2024-07-20T17:42:25.067+0000] {logging_mixin.py:188} WARNING -   File "/home/airflow/.local/lib/python3.12/site-packages/airflow/utils/timeout.py", line 69, in handle_timeout
[2024-07-20T17:42:25.074+0000] {logging_mixin.py:188} WARNING -     raise AirflowTaskTimeout(self.error_message)
[2024-07-20T17:42:25.078+0000] {logging_mixin.py:188} WARNING - airflow.exceptions.AirflowTaskTimeout: DagBag import timeout for /opt/airflow/dags/ETL.py after 30.0s.
Please take a look at these docs to improve your DAG import time:
* https://airflow.apache.org/docs/apache-airflow/2.9.2/best-practices.html#top-level-python-code
* https://airflow.apache.org/docs/apache-airflow/2.9.2/best-practices.html#reducing-dag-complexity, PID: 142
[2024-07-20T17:43:06.268+0000] {processor.py:161} INFO - Started process (PID=156) to work on /opt/airflow/dags/ETL.py
[2024-07-20T17:43:06.356+0000] {processor.py:830} INFO - Processing file /opt/airflow/dags/ETL.py for tasks to queue
[2024-07-20T17:43:06.764+0000] {logging_mixin.py:188} INFO - [2024-07-20T17:43:06.726+0000] {dagbag.py:545} INFO - Filling up the DagBag from /opt/airflow/dags/ETL.py
[2024-07-20T17:43:37.413+0000] {logging_mixin.py:188} INFO - [2024-07-20T17:43:37.391+0000] {timeout.py:68} ERROR - Process timed out, PID: 156
[2024-07-20T17:44:11.069+0000] {processor.py:161} INFO - Started process (PID=171) to work on /opt/airflow/dags/ETL.py
[2024-07-20T17:44:11.222+0000] {processor.py:830} INFO - Processing file /opt/airflow/dags/ETL.py for tasks to queue
[2024-07-20T17:44:11.828+0000] {logging_mixin.py:188} INFO - [2024-07-20T17:44:11.775+0000] {dagbag.py:545} INFO - Filling up the DagBag from /opt/airflow/dags/ETL.py
[2024-07-20T17:45:32.031+0000] {processor.py:161} INFO - Started process (PID=192) to work on /opt/airflow/dags/ETL.py
[2024-07-20T17:45:32.053+0000] {processor.py:830} INFO - Processing file /opt/airflow/dags/ETL.py for tasks to queue
[2024-07-20T17:45:32.134+0000] {logging_mixin.py:188} INFO - [2024-07-20T17:45:32.122+0000] {dagbag.py:545} INFO - Filling up the DagBag from /opt/airflow/dags/ETL.py
[2024-07-20T17:46:52.700+0000] {processor.py:161} INFO - Started process (PID=205) to work on /opt/airflow/dags/ETL.py
[2024-07-20T17:46:52.730+0000] {processor.py:830} INFO - Processing file /opt/airflow/dags/ETL.py for tasks to queue
[2024-07-20T17:46:53.032+0000] {logging_mixin.py:188} INFO - [2024-07-20T17:46:53.001+0000] {dagbag.py:545} INFO - Filling up the DagBag from /opt/airflow/dags/ETL.py
[2024-07-20T17:59:09.317+0000] {processor.py:161} INFO - Started process (PID=219) to work on /opt/airflow/dags/ETL.py
[2024-07-20T17:59:09.402+0000] {processor.py:830} INFO - Processing file /opt/airflow/dags/ETL.py for tasks to queue
[2024-07-20T17:59:09.935+0000] {logging_mixin.py:188} INFO - [2024-07-20T17:59:09.886+0000] {dagbag.py:545} INFO - Filling up the DagBag from /opt/airflow/dags/ETL.py
[2024-07-20T18:00:29.746+0000] {processor.py:161} INFO - Started process (PID=233) to work on /opt/airflow/dags/ETL.py
[2024-07-20T18:00:29.821+0000] {processor.py:830} INFO - Processing file /opt/airflow/dags/ETL.py for tasks to queue
[2024-07-20T18:00:30.342+0000] {logging_mixin.py:188} INFO - [2024-07-20T18:00:30.180+0000] {dagbag.py:545} INFO - Filling up the DagBag from /opt/airflow/dags/ETL.py
[2024-07-20T18:01:52.928+0000] {processor.py:161} INFO - Started process (PID=254) to work on /opt/airflow/dags/ETL.py
[2024-07-20T18:01:53.196+0000] {processor.py:830} INFO - Processing file /opt/airflow/dags/ETL.py for tasks to queue
[2024-07-20T18:01:54.216+0000] {logging_mixin.py:188} INFO - [2024-07-20T18:01:54.012+0000] {dagbag.py:545} INFO - Filling up the DagBag from /opt/airflow/dags/ETL.py
[2024-07-20T20:50:15.092+0000] {logging_mixin.py:188} INFO - [2024-07-20T20:50:15.061+0000] {timeout.py:68} ERROR - Process timed out, PID: 254
[2024-07-20T20:50:49.682+0000] {processor.py:161} INFO - Started process (PID=268) to work on /opt/airflow/dags/ETL.py
[2024-07-20T20:50:49.904+0000] {processor.py:830} INFO - Processing file /opt/airflow/dags/ETL.py for tasks to queue
[2024-07-20T20:50:50.567+0000] {logging_mixin.py:188} INFO - [2024-07-20T20:50:50.420+0000] {dagbag.py:545} INFO - Filling up the DagBag from /opt/airflow/dags/ETL.py
[2024-07-20T20:52:11.888+0000] {processor.py:161} INFO - Started process (PID=282) to work on /opt/airflow/dags/ETL.py
[2024-07-20T20:52:11.945+0000] {processor.py:830} INFO - Processing file /opt/airflow/dags/ETL.py for tasks to queue
[2024-07-20T20:52:13.252+0000] {logging_mixin.py:188} INFO - [2024-07-20T20:52:13.070+0000] {dagbag.py:545} INFO - Filling up the DagBag from /opt/airflow/dags/ETL.py
[2024-07-20T20:52:46.070+0000] {logging_mixin.py:188} INFO - [2024-07-20T20:52:45.590+0000] {timeout.py:68} ERROR - Process timed out, PID: 282
[2024-07-20T20:53:35.797+0000] {processor.py:161} INFO - Started process (PID=295) to work on /opt/airflow/dags/ETL.py
[2024-07-20T20:53:35.859+0000] {processor.py:830} INFO - Processing file /opt/airflow/dags/ETL.py for tasks to queue
[2024-07-20T20:53:36.457+0000] {logging_mixin.py:188} INFO - [2024-07-20T20:53:36.401+0000] {dagbag.py:545} INFO - Filling up the DagBag from /opt/airflow/dags/ETL.py
[2024-07-20T20:54:07.707+0000] {logging_mixin.py:188} INFO - [2024-07-20T20:54:07.429+0000] {timeout.py:68} ERROR - Process timed out, PID: 295
[2024-07-20T20:54:49.382+0000] {processor.py:161} INFO - Started process (PID=315) to work on /opt/airflow/dags/ETL.py
[2024-07-20T20:54:49.547+0000] {processor.py:830} INFO - Processing file /opt/airflow/dags/ETL.py for tasks to queue
[2024-07-20T20:54:49.862+0000] {logging_mixin.py:188} INFO - [2024-07-20T20:54:49.836+0000] {dagbag.py:545} INFO - Filling up the DagBag from /opt/airflow/dags/ETL.py
[2024-07-20T20:55:21.357+0000] {logging_mixin.py:188} INFO - [2024-07-20T20:55:21.208+0000] {timeout.py:68} ERROR - Process timed out, PID: 315
[2024-07-20T20:55:57.181+0000] {processor.py:161} INFO - Started process (PID=323) to work on /opt/airflow/dags/ETL.py
[2024-07-20T20:55:57.342+0000] {processor.py:830} INFO - Processing file /opt/airflow/dags/ETL.py for tasks to queue
[2024-07-20T20:55:57.741+0000] {logging_mixin.py:188} INFO - [2024-07-20T20:55:57.714+0000] {dagbag.py:545} INFO - Filling up the DagBag from /opt/airflow/dags/ETL.py
[2024-07-20T20:56:28.791+0000] {logging_mixin.py:188} INFO - [2024-07-20T20:56:28.655+0000] {timeout.py:68} ERROR - Process timed out, PID: 323
[2024-07-20T20:57:05.026+0000] {processor.py:161} INFO - Started process (PID=337) to work on /opt/airflow/dags/ETL.py
[2024-07-20T20:57:05.077+0000] {processor.py:830} INFO - Processing file /opt/airflow/dags/ETL.py for tasks to queue
[2024-07-20T20:57:05.331+0000] {logging_mixin.py:188} INFO - [2024-07-20T20:57:05.300+0000] {dagbag.py:545} INFO - Filling up the DagBag from /opt/airflow/dags/ETL.py
[2024-07-20T20:57:37.429+0000] {logging_mixin.py:188} INFO - [2024-07-20T20:57:37.407+0000] {timeout.py:68} ERROR - Process timed out, PID: 337
[2024-07-20T20:57:37.453+0000] {logging_mixin.py:188} WARNING - Exception ignored in: <module 'collections.abc' from '/usr/local/lib/python3.12/collections/abc.py'>
[2024-07-20T20:57:37.468+0000] {logging_mixin.py:188} WARNING - Traceback (most recent call last):
[2024-07-20T20:57:37.473+0000] {logging_mixin.py:188} WARNING -   File "<string>", line 0, in <module>
[2024-07-20T20:57:37.479+0000] {logging_mixin.py:188} WARNING -   File "/home/airflow/.local/lib/python3.12/site-packages/airflow/utils/timeout.py", line 69, in handle_timeout
[2024-07-20T20:57:37.489+0000] {logging_mixin.py:188} WARNING -     raise AirflowTaskTimeout(self.error_message)
[2024-07-20T20:57:37.495+0000] {logging_mixin.py:188} WARNING - airflow.exceptions.AirflowTaskTimeout: DagBag import timeout for /opt/airflow/dags/ETL.py after 30.0s.
Please take a look at these docs to improve your DAG import time:
* https://airflow.apache.org/docs/apache-airflow/2.9.2/best-practices.html#top-level-python-code
* https://airflow.apache.org/docs/apache-airflow/2.9.2/best-practices.html#reducing-dag-complexity, PID: 337
[2024-07-20T20:57:38.313+0000] {logging_mixin.py:188} WARNING - <frozen importlib._bootstrap>:488 RuntimeWarning: Cython module failed to patch module with custom type
[2024-07-20T20:58:27.311+0000] {processor.py:161} INFO - Started process (PID=357) to work on /opt/airflow/dags/ETL.py
[2024-07-20T20:58:27.399+0000] {processor.py:830} INFO - Processing file /opt/airflow/dags/ETL.py for tasks to queue
[2024-07-20T20:58:27.818+0000] {logging_mixin.py:188} INFO - [2024-07-20T20:58:27.787+0000] {dagbag.py:545} INFO - Filling up the DagBag from /opt/airflow/dags/ETL.py
[2024-07-20T20:59:03.391+0000] {logging_mixin.py:188} INFO - [2024-07-20T20:59:03.032+0000] {timeout.py:68} ERROR - Process timed out, PID: 357
[2024-07-20T20:59:47.056+0000] {processor.py:161} INFO - Started process (PID=370) to work on /opt/airflow/dags/ETL.py
[2024-07-20T20:59:47.287+0000] {processor.py:830} INFO - Processing file /opt/airflow/dags/ETL.py for tasks to queue
[2024-07-20T20:59:48.132+0000] {logging_mixin.py:188} INFO - [2024-07-20T20:59:48.080+0000] {dagbag.py:545} INFO - Filling up the DagBag from /opt/airflow/dags/ETL.py
[2024-07-20T21:00:29.127+0000] {logging_mixin.py:188} INFO - [2024-07-20T21:00:29.082+0000] {timeout.py:68} ERROR - Process timed out, PID: 370
[2024-07-20T21:01:14.183+0000] {processor.py:161} INFO - Started process (PID=384) to work on /opt/airflow/dags/ETL.py
[2024-07-20T21:01:14.439+0000] {processor.py:830} INFO - Processing file /opt/airflow/dags/ETL.py for tasks to queue
[2024-07-20T21:01:15.904+0000] {logging_mixin.py:188} INFO - [2024-07-20T21:01:15.756+0000] {dagbag.py:545} INFO - Filling up the DagBag from /opt/airflow/dags/ETL.py
[2024-07-20T21:01:48.302+0000] {logging_mixin.py:188} INFO - [2024-07-20T21:01:48.234+0000] {timeout.py:68} ERROR - Process timed out, PID: 384
[2024-07-20T21:02:33.057+0000] {processor.py:161} INFO - Started process (PID=397) to work on /opt/airflow/dags/ETL.py
[2024-07-20T21:02:33.156+0000] {processor.py:830} INFO - Processing file /opt/airflow/dags/ETL.py for tasks to queue
[2024-07-20T21:02:34.052+0000] {logging_mixin.py:188} INFO - [2024-07-20T21:02:33.795+0000] {dagbag.py:545} INFO - Filling up the DagBag from /opt/airflow/dags/ETL.py
[2024-07-20T21:13:56.749+0000] {processor.py:161} INFO - Started process (PID=48) to work on /opt/airflow/dags/ETL.py
[2024-07-20T21:13:56.818+0000] {processor.py:830} INFO - Processing file /opt/airflow/dags/ETL.py for tasks to queue
[2024-07-20T21:13:57.239+0000] {logging_mixin.py:188} INFO - [2024-07-20T21:13:57.221+0000] {dagbag.py:545} INFO - Filling up the DagBag from /opt/airflow/dags/ETL.py
[2024-07-20T21:14:30.503+0000] {logging_mixin.py:188} INFO - [2024-07-20T21:14:30.496+0000] {timeout.py:68} ERROR - Process timed out, PID: 48
[2024-07-20T21:15:03.143+0000] {processor.py:161} INFO - Started process (PID=62) to work on /opt/airflow/dags/ETL.py
[2024-07-20T21:15:03.171+0000] {processor.py:830} INFO - Processing file /opt/airflow/dags/ETL.py for tasks to queue
[2024-07-20T21:15:03.463+0000] {logging_mixin.py:188} INFO - [2024-07-20T21:15:03.444+0000] {dagbag.py:545} INFO - Filling up the DagBag from /opt/airflow/dags/ETL.py
[2024-07-20T21:15:27.813+0000] {processor.py:840} INFO - DAG(s) 'Nuevo_ETL' retrieved from /opt/airflow/dags/ETL.py
[2024-07-20T21:15:29.992+0000] {logging_mixin.py:188} INFO - [2024-07-20T21:15:29.990+0000] {override.py:1829} INFO - Created Permission View: can edit on DAG:Nuevo_ETL
[2024-07-20T21:15:30.015+0000] {logging_mixin.py:188} INFO - [2024-07-20T21:15:30.015+0000] {override.py:1829} INFO - Created Permission View: can delete on DAG:Nuevo_ETL
[2024-07-20T21:15:30.033+0000] {logging_mixin.py:188} INFO - [2024-07-20T21:15:30.033+0000] {override.py:1829} INFO - Created Permission View: can read on DAG:Nuevo_ETL
[2024-07-20T21:15:30.035+0000] {logging_mixin.py:188} INFO - [2024-07-20T21:15:30.034+0000] {dag.py:3096} INFO - Sync 1 DAGs
[2024-07-20T21:15:30.066+0000] {logging_mixin.py:188} INFO - [2024-07-20T21:15:30.065+0000] {dag.py:3118} INFO - Creating ORM DAG for Nuevo_ETL
[2024-07-20T21:15:30.095+0000] {logging_mixin.py:188} INFO - [2024-07-20T21:15:30.093+0000] {dag.py:3954} INFO - Setting next_dagrun for Nuevo_ETL to 2024-07-19 00:00:00+00:00, run_after=2024-07-20 00:00:00+00:00
[2024-07-20T21:15:30.147+0000] {processor.py:183} INFO - Processing /opt/airflow/dags/ETL.py took 27.204 seconds
[2024-07-20T21:16:01.708+0000] {processor.py:161} INFO - Started process (PID=77) to work on /opt/airflow/dags/ETL.py
[2024-07-20T21:16:01.711+0000] {processor.py:830} INFO - Processing file /opt/airflow/dags/ETL.py for tasks to queue
[2024-07-20T21:16:01.727+0000] {logging_mixin.py:188} INFO - [2024-07-20T21:16:01.725+0000] {dagbag.py:545} INFO - Filling up the DagBag from /opt/airflow/dags/ETL.py
[2024-07-20T21:16:21.217+0000] {processor.py:840} INFO - DAG(s) 'Nuevo_ETL' retrieved from /opt/airflow/dags/ETL.py
[2024-07-20T21:16:21.545+0000] {logging_mixin.py:188} INFO - [2024-07-20T21:16:21.544+0000] {dag.py:3096} INFO - Sync 1 DAGs
[2024-07-20T21:16:23.203+0000] {logging_mixin.py:188} INFO - [2024-07-20T21:16:23.202+0000] {dag.py:3954} INFO - Setting next_dagrun for Nuevo_ETL to 2024-07-19 00:00:00+00:00, run_after=2024-07-20 00:00:00+00:00
[2024-07-20T21:16:23.428+0000] {processor.py:183} INFO - Processing /opt/airflow/dags/ETL.py took 21.755 seconds
[2024-07-20T21:16:57.127+0000] {processor.py:161} INFO - Started process (PID=91) to work on /opt/airflow/dags/ETL.py
[2024-07-20T21:16:57.304+0000] {processor.py:830} INFO - Processing file /opt/airflow/dags/ETL.py for tasks to queue
[2024-07-20T21:16:57.711+0000] {logging_mixin.py:188} INFO - [2024-07-20T21:16:57.652+0000] {dagbag.py:545} INFO - Filling up the DagBag from /opt/airflow/dags/ETL.py
[2024-07-20T21:17:43.369+0000] {logging_mixin.py:188} INFO - [2024-07-20T21:17:43.350+0000] {timeout.py:68} ERROR - Process timed out, PID: 91
[2024-07-20T21:17:43.377+0000] {logging_mixin.py:188} WARNING - Exception ignored in: <function WeakKeyDictionary.__init__.<locals>.remove at 0x7f3832811e40>
[2024-07-20T21:17:43.385+0000] {logging_mixin.py:188} WARNING - Traceback (most recent call last):
[2024-07-20T21:17:43.387+0000] {logging_mixin.py:188} WARNING -   File "/usr/local/lib/python3.12/weakref.py", line 369, in remove
[2024-07-20T21:17:43.400+0000] {logging_mixin.py:188} WARNING -     def remove(k, selfref=ref(self)):
[2024-07-20T21:17:43.403+0000] {logging_mixin.py:188} WARNING -   File "/home/airflow/.local/lib/python3.12/site-packages/airflow/utils/timeout.py", line 69, in handle_timeout
[2024-07-20T21:17:43.417+0000] {logging_mixin.py:188} WARNING -     raise AirflowTaskTimeout(self.error_message)
[2024-07-20T21:17:43.426+0000] {logging_mixin.py:188} WARNING - airflow.exceptions.AirflowTaskTimeout: DagBag import timeout for /opt/airflow/dags/ETL.py after 30.0s.
Please take a look at these docs to improve your DAG import time:
* https://airflow.apache.org/docs/apache-airflow/2.9.2/best-practices.html#top-level-python-code
* https://airflow.apache.org/docs/apache-airflow/2.9.2/best-practices.html#reducing-dag-complexity, PID: 91
[2024-07-20T21:18:19.041+0000] {processor.py:161} INFO - Started process (PID=111) to work on /opt/airflow/dags/ETL.py
[2024-07-20T21:18:19.106+0000] {processor.py:830} INFO - Processing file /opt/airflow/dags/ETL.py for tasks to queue
[2024-07-20T21:18:19.253+0000] {logging_mixin.py:188} INFO - [2024-07-20T21:18:19.170+0000] {dagbag.py:545} INFO - Filling up the DagBag from /opt/airflow/dags/ETL.py
[2024-07-20T21:19:39.150+0000] {processor.py:161} INFO - Started process (PID=125) to work on /opt/airflow/dags/ETL.py
[2024-07-20T21:19:39.171+0000] {processor.py:830} INFO - Processing file /opt/airflow/dags/ETL.py for tasks to queue
[2024-07-20T21:19:39.240+0000] {logging_mixin.py:188} INFO - [2024-07-20T21:19:39.222+0000] {dagbag.py:545} INFO - Filling up the DagBag from /opt/airflow/dags/ETL.py
[2024-07-20T21:21:02.751+0000] {processor.py:161} INFO - Started process (PID=146) to work on /opt/airflow/dags/ETL.py
[2024-07-20T21:21:02.982+0000] {processor.py:830} INFO - Processing file /opt/airflow/dags/ETL.py for tasks to queue
[2024-07-20T21:21:03.053+0000] {logging_mixin.py:188} INFO - [2024-07-20T21:21:03.017+0000] {dagbag.py:545} INFO - Filling up the DagBag from /opt/airflow/dags/ETL.py
[2024-07-20T21:21:34.517+0000] {logging_mixin.py:188} INFO - [2024-07-20T21:21:34.241+0000] {timeout.py:68} ERROR - Process timed out, PID: 146
[2024-07-20T21:22:06.801+0000] {processor.py:161} INFO - Started process (PID=160) to work on /opt/airflow/dags/ETL.py
[2024-07-20T21:22:06.825+0000] {processor.py:830} INFO - Processing file /opt/airflow/dags/ETL.py for tasks to queue
[2024-07-20T21:22:06.842+0000] {logging_mixin.py:188} INFO - [2024-07-20T21:22:06.835+0000] {dagbag.py:545} INFO - Filling up the DagBag from /opt/airflow/dags/ETL.py
[2024-07-20T21:23:30.717+0000] {processor.py:161} INFO - Started process (PID=174) to work on /opt/airflow/dags/ETL.py
[2024-07-20T21:23:30.786+0000] {processor.py:830} INFO - Processing file /opt/airflow/dags/ETL.py for tasks to queue
[2024-07-20T21:23:30.963+0000] {logging_mixin.py:188} INFO - [2024-07-20T21:23:30.892+0000] {dagbag.py:545} INFO - Filling up the DagBag from /opt/airflow/dags/ETL.py
[2024-07-20T21:24:02.782+0000] {logging_mixin.py:188} INFO - [2024-07-20T21:24:02.460+0000] {timeout.py:68} ERROR - Process timed out, PID: 174
[2024-07-20T21:24:35.266+0000] {processor.py:161} INFO - Started process (PID=187) to work on /opt/airflow/dags/ETL.py
[2024-07-20T21:24:35.281+0000] {processor.py:830} INFO - Processing file /opt/airflow/dags/ETL.py for tasks to queue
[2024-07-20T21:24:35.315+0000] {logging_mixin.py:188} INFO - [2024-07-20T21:24:35.307+0000] {dagbag.py:545} INFO - Filling up the DagBag from /opt/airflow/dags/ETL.py
[2024-07-20T21:25:24.277+0000] {logging_mixin.py:188} INFO - [2024-07-20T21:25:24.240+0000] {timeout.py:68} ERROR - Process timed out, PID: 187
[2024-07-20T21:25:24.293+0000] {logging_mixin.py:188} WARNING - Exception ignored in: <function WeakKeyDictionary.__init__.<locals>.remove at 0x7f3832811e40>
[2024-07-20T21:25:24.304+0000] {logging_mixin.py:188} WARNING - Traceback (most recent call last):
[2024-07-20T21:25:24.320+0000] {logging_mixin.py:188} WARNING -   File "/usr/local/lib/python3.12/weakref.py", line 369, in remove
[2024-07-20T21:25:24.347+0000] {logging_mixin.py:188} WARNING -     def remove(k, selfref=ref(self)):
[2024-07-20T21:25:24.368+0000] {logging_mixin.py:188} WARNING -   File "/home/airflow/.local/lib/python3.12/site-packages/airflow/utils/timeout.py", line 69, in handle_timeout
[2024-07-20T21:25:24.382+0000] {logging_mixin.py:188} WARNING -     raise AirflowTaskTimeout(self.error_message)
[2024-07-20T21:25:24.398+0000] {logging_mixin.py:188} WARNING - airflow.exceptions.AirflowTaskTimeout: DagBag import timeout for /opt/airflow/dags/ETL.py after 30.0s.
Please take a look at these docs to improve your DAG import time:
* https://airflow.apache.org/docs/apache-airflow/2.9.2/best-practices.html#top-level-python-code
* https://airflow.apache.org/docs/apache-airflow/2.9.2/best-practices.html#reducing-dag-complexity, PID: 187
[2024-07-20T21:25:56.186+0000] {processor.py:161} INFO - Started process (PID=207) to work on /opt/airflow/dags/ETL.py
[2024-07-20T21:25:56.196+0000] {processor.py:830} INFO - Processing file /opt/airflow/dags/ETL.py for tasks to queue
[2024-07-20T21:25:56.220+0000] {logging_mixin.py:188} INFO - [2024-07-20T21:25:56.215+0000] {dagbag.py:545} INFO - Filling up the DagBag from /opt/airflow/dags/ETL.py
[2024-07-20T21:26:33.842+0000] {logging_mixin.py:188} INFO - [2024-07-20T21:26:33.782+0000] {timeout.py:68} ERROR - Process timed out, PID: 207
[2024-07-20T21:26:33.857+0000] {logging_mixin.py:188} WARNING - Exception ignored in: <function WeakKeyDictionary.__init__.<locals>.remove at 0x7f3832811e40>
[2024-07-20T21:26:33.865+0000] {logging_mixin.py:188} WARNING - Traceback (most recent call last):
[2024-07-20T21:26:33.874+0000] {logging_mixin.py:188} WARNING -   File "/usr/local/lib/python3.12/weakref.py", line 369, in remove
[2024-07-20T21:26:33.928+0000] {logging_mixin.py:188} WARNING -     def remove(k, selfref=ref(self)):
[2024-07-20T21:26:33.957+0000] {logging_mixin.py:188} WARNING -   File "/home/airflow/.local/lib/python3.12/site-packages/airflow/utils/timeout.py", line 69, in handle_timeout
[2024-07-20T21:26:33.973+0000] {logging_mixin.py:188} WARNING -     raise AirflowTaskTimeout(self.error_message)
[2024-07-20T21:26:33.989+0000] {logging_mixin.py:188} WARNING - airflow.exceptions.AirflowTaskTimeout: DagBag import timeout for /opt/airflow/dags/ETL.py after 30.0s.
Please take a look at these docs to improve your DAG import time:
* https://airflow.apache.org/docs/apache-airflow/2.9.2/best-practices.html#top-level-python-code
* https://airflow.apache.org/docs/apache-airflow/2.9.2/best-practices.html#reducing-dag-complexity, PID: 207
[2024-07-20T21:26:38.265+0000] {processor.py:840} INFO - DAG(s) 'Nuevo_ETL' retrieved from /opt/airflow/dags/ETL.py
[2024-07-20T21:27:22.039+0000] {processor.py:161} INFO - Started process (PID=222) to work on /opt/airflow/dags/ETL.py
[2024-07-20T21:27:22.257+0000] {processor.py:830} INFO - Processing file /opt/airflow/dags/ETL.py for tasks to queue
[2024-07-20T21:27:22.499+0000] {logging_mixin.py:188} INFO - [2024-07-20T21:27:22.408+0000] {dagbag.py:545} INFO - Filling up the DagBag from /opt/airflow/dags/ETL.py
[2024-07-20T21:27:54.411+0000] {logging_mixin.py:188} INFO - [2024-07-20T21:27:53.929+0000] {timeout.py:68} ERROR - Process timed out, PID: 222
[2024-07-20T21:28:28.672+0000] {processor.py:161} INFO - Started process (PID=241) to work on /opt/airflow/dags/ETL.py
[2024-07-20T21:28:28.686+0000] {processor.py:830} INFO - Processing file /opt/airflow/dags/ETL.py for tasks to queue
[2024-07-20T21:28:28.739+0000] {logging_mixin.py:188} INFO - [2024-07-20T21:28:28.720+0000] {dagbag.py:545} INFO - Filling up the DagBag from /opt/airflow/dags/ETL.py
[2024-07-20T21:28:55.159+0000] {processor.py:840} INFO - DAG(s) 'Nuevo_ETL' retrieved from /opt/airflow/dags/ETL.py
[2024-07-20T21:28:57.078+0000] {logging_mixin.py:188} INFO - [2024-07-20T21:28:57.074+0000] {dag.py:3096} INFO - Sync 1 DAGs
[2024-07-20T21:28:57.345+0000] {logging_mixin.py:188} INFO - [2024-07-20T21:28:57.343+0000] {dag.py:3954} INFO - Setting next_dagrun for Nuevo_ETL to 2024-07-19 00:00:00+00:00, run_after=2024-07-20 00:00:00+00:00
[2024-07-20T21:28:57.567+0000] {processor.py:183} INFO - Processing /opt/airflow/dags/ETL.py took 29.340 seconds
[2024-07-20T21:29:29.270+0000] {processor.py:161} INFO - Started process (PID=256) to work on /opt/airflow/dags/ETL.py
[2024-07-20T21:29:29.302+0000] {processor.py:830} INFO - Processing file /opt/airflow/dags/ETL.py for tasks to queue
[2024-07-20T21:29:29.366+0000] {logging_mixin.py:188} INFO - [2024-07-20T21:29:29.344+0000] {dagbag.py:545} INFO - Filling up the DagBag from /opt/airflow/dags/ETL.py
[2024-07-20T21:30:01.550+0000] {logging_mixin.py:188} INFO - [2024-07-20T21:30:00.097+0000] {timeout.py:68} ERROR - Process timed out, PID: 256
[2024-07-20T21:30:38.122+0000] {processor.py:161} INFO - Started process (PID=270) to work on /opt/airflow/dags/ETL.py
[2024-07-20T21:30:38.169+0000] {processor.py:830} INFO - Processing file /opt/airflow/dags/ETL.py for tasks to queue
[2024-07-20T21:30:38.223+0000] {logging_mixin.py:188} INFO - [2024-07-20T21:30:38.205+0000] {dagbag.py:545} INFO - Filling up the DagBag from /opt/airflow/dags/ETL.py
[2024-07-20T21:31:58.272+0000] {processor.py:161} INFO - Started process (PID=286) to work on /opt/airflow/dags/ETL.py
[2024-07-20T21:31:58.287+0000] {processor.py:830} INFO - Processing file /opt/airflow/dags/ETL.py for tasks to queue
[2024-07-20T21:31:58.330+0000] {logging_mixin.py:188} INFO - [2024-07-20T21:31:58.310+0000] {dagbag.py:545} INFO - Filling up the DagBag from /opt/airflow/dags/ETL.py
[2024-07-20T21:36:37.233+0000] {processor.py:161} INFO - Started process (PID=292) to work on /opt/airflow/dags/ETL.py
[2024-07-20T21:36:37.313+0000] {processor.py:830} INFO - Processing file /opt/airflow/dags/ETL.py for tasks to queue
[2024-07-20T21:36:37.394+0000] {logging_mixin.py:188} INFO - [2024-07-20T21:36:37.340+0000] {dagbag.py:545} INFO - Filling up the DagBag from /opt/airflow/dags/ETL.py
[2024-07-20T21:38:02.560+0000] {processor.py:161} INFO - Started process (PID=313) to work on /opt/airflow/dags/ETL.py
[2024-07-20T21:38:02.725+0000] {processor.py:830} INFO - Processing file /opt/airflow/dags/ETL.py for tasks to queue
[2024-07-20T21:38:02.846+0000] {logging_mixin.py:188} INFO - [2024-07-20T21:38:02.755+0000] {dagbag.py:545} INFO - Filling up the DagBag from /opt/airflow/dags/ETL.py
[2024-07-20T21:38:35.466+0000] {logging_mixin.py:188} INFO - [2024-07-20T21:38:34.526+0000] {timeout.py:68} ERROR - Process timed out, PID: 313
[2024-07-20T21:39:19.716+0000] {processor.py:161} INFO - Started process (PID=327) to work on /opt/airflow/dags/ETL.py
[2024-07-20T21:39:19.846+0000] {processor.py:830} INFO - Processing file /opt/airflow/dags/ETL.py for tasks to queue
[2024-07-20T21:39:20.091+0000] {logging_mixin.py:188} INFO - [2024-07-20T21:39:20.001+0000] {dagbag.py:545} INFO - Filling up the DagBag from /opt/airflow/dags/ETL.py
[2024-07-20T21:39:58.527+0000] {logging_mixin.py:188} INFO - [2024-07-20T21:39:58.422+0000] {timeout.py:68} ERROR - Process timed out, PID: 327
[2024-07-20T22:55:32.402+0000] {processor.py:161} INFO - Started process (PID=110) to work on /opt/airflow/dags/ETL.py
[2024-07-20T22:55:32.488+0000] {processor.py:830} INFO - Processing file /opt/airflow/dags/ETL.py for tasks to queue
[2024-07-20T22:55:32.581+0000] {logging_mixin.py:188} INFO - [2024-07-20T22:55:32.522+0000] {dagbag.py:545} INFO - Filling up the DagBag from /opt/airflow/dags/ETL.py
[2024-07-20T22:56:09.289+0000] {logging_mixin.py:188} INFO - [2024-07-20T22:56:09.153+0000] {timeout.py:68} ERROR - Process timed out, PID: 110
